{"C:\\Users\\KIIT\\Desktop\\my-api-server\\server.js": {"path":"C:\\Users\\KIIT\\Desktop\\my-api-server\\server.js","statementMap":{"0":{"start":{"line":1,"column":0},"end":{"line":1,"column":48}},"1":{"start":{"line":3,"column":16},"end":{"line":3,"column":34}},"2":{"start":{"line":4,"column":17},"end":{"line":4,"column":36}},"3":{"start":{"line":5,"column":0},"end":{"line":5,"column":27}},"4":{"start":{"line":7,"column":12},"end":{"line":7,"column":21}},"5":{"start":{"line":8,"column":13},"end":{"line":8,"column":37}},"6":{"start":{"line":10,"column":0},"end":{"line":10,"column":24}},"7":{"start":{"line":13,"column":0},"end":{"line":13,"column":34}},"8":{"start":{"line":16,"column":0},"end":{"line":20,"column":1}},"9":{"start":{"line":17,"column":2},"end":{"line":19,"column":70}},"10":{"start":{"line":18,"column":16},"end":{"line":18,"column":50}},"11":{"start":{"line":19,"column":20},"end":{"line":19,"column":68}},"12":{"start":{"line":23,"column":13},"end":{"line":27,"column":3}},"13":{"start":{"line":32,"column":0},"end":{"line":40,"column":3}},"14":{"start":{"line":33,"column":2},"end":{"line":39,"column":3}},"15":{"start":{"line":34,"column":17},"end":{"line":34,"column":35}},"16":{"start":{"line":35,"column":18},"end":{"line":35,"column":35}},"17":{"start":{"line":36,"column":4},"end":{"line":36,"column":32}},"18":{"start":{"line":38,"column":4},"end":{"line":38,"column":51}},"19":{"start":{"line":43,"column":0},"end":{"line":50,"column":3}},"20":{"start":{"line":44,"column":2},"end":{"line":49,"column":3}},"21":{"start":{"line":45,"column":18},"end":{"line":45,"column":35}},"22":{"start":{"line":46,"column":4},"end":{"line":46,"column":20}},"23":{"start":{"line":48,"column":4},"end":{"line":48,"column":51}},"24":{"start":{"line":53,"column":0},"end":{"line":61,"column":3}},"25":{"start":{"line":54,"column":2},"end":{"line":60,"column":3}},"26":{"start":{"line":55,"column":17},"end":{"line":55,"column":51}},"27":{"start":{"line":56,"column":4},"end":{"line":56,"column":72}},"28":{"start":{"line":56,"column":15},"end":{"line":56,"column":72}},"29":{"start":{"line":57,"column":4},"end":{"line":57,"column":19}},"30":{"start":{"line":59,"column":4},"end":{"line":59,"column":51}},"31":{"start":{"line":64,"column":0},"end":{"line":72,"column":3}},"32":{"start":{"line":65,"column":2},"end":{"line":71,"column":3}},"33":{"start":{"line":66,"column":19},"end":{"line":66,"column":62}},"34":{"start":{"line":67,"column":4},"end":{"line":67,"column":74}},"35":{"start":{"line":67,"column":17},"end":{"line":67,"column":74}},"36":{"start":{"line":68,"column":4},"end":{"line":68,"column":55}},"37":{"start":{"line":70,"column":4},"end":{"line":70,"column":51}},"38":{"start":{"line":75,"column":0},"end":{"line":83,"column":3}},"39":{"start":{"line":76,"column":2},"end":{"line":82,"column":3}},"40":{"start":{"line":77,"column":20},"end":{"line":77,"column":88}},"41":{"start":{"line":78,"column":4},"end":{"line":78,"column":75}},"42":{"start":{"line":78,"column":18},"end":{"line":78,"column":75}},"43":{"start":{"line":79,"column":4},"end":{"line":79,"column":22}},"44":{"start":{"line":81,"column":4},"end":{"line":81,"column":51}},"45":{"start":{"line":86,"column":0},"end":{"line":89,"column":3}},"46":{"start":{"line":87,"column":2},"end":{"line":87,"column":35}},"47":{"start":{"line":88,"column":2},"end":{"line":88,"column":19}},"48":{"start":{"line":92,"column":0},"end":{"line":94,"column":3}},"49":{"start":{"line":93,"column":2},"end":{"line":93,"column":37}},"50":{"start":{"line":97,"column":0},"end":{"line":101,"column":1}},"51":{"start":{"line":98,"column":2},"end":{"line":100,"column":5}},"52":{"start":{"line":99,"column":4},"end":{"line":99,"column":65}},"53":{"start":{"line":104,"column":0},"end":{"line":104,"column":21}}},"fnMap":{"0":{"name":"(anonymous_0)","decl":{"start":{"line":18,"column":10},"end":{"line":18,"column":11}},"loc":{"start":{"line":18,"column":16},"end":{"line":18,"column":50}},"line":18},"1":{"name":"(anonymous_1)","decl":{"start":{"line":19,"column":11},"end":{"line":19,"column":12}},"loc":{"start":{"line":19,"column":20},"end":{"line":19,"column":68}},"line":19},"2":{"name":"(anonymous_2)","decl":{"start":{"line":32,"column":23},"end":{"line":32,"column":24}},"loc":{"start":{"line":32,"column":43},"end":{"line":40,"column":1}},"line":32},"3":{"name":"(anonymous_3)","decl":{"start":{"line":43,"column":22},"end":{"line":43,"column":23}},"loc":{"start":{"line":43,"column":42},"end":{"line":50,"column":1}},"line":43},"4":{"name":"(anonymous_4)","decl":{"start":{"line":53,"column":26},"end":{"line":53,"column":27}},"loc":{"start":{"line":53,"column":46},"end":{"line":61,"column":1}},"line":53},"5":{"name":"(anonymous_5)","decl":{"start":{"line":64,"column":29},"end":{"line":64,"column":30}},"loc":{"start":{"line":64,"column":49},"end":{"line":72,"column":1}},"line":64},"6":{"name":"(anonymous_6)","decl":{"start":{"line":75,"column":26},"end":{"line":75,"column":27}},"loc":{"start":{"line":75,"column":46},"end":{"line":83,"column":1}},"line":75},"7":{"name":"(anonymous_7)","decl":{"start":{"line":86,"column":17},"end":{"line":86,"column":18}},"loc":{"start":{"line":86,"column":31},"end":{"line":89,"column":1}},"line":86},"8":{"name":"(anonymous_8)","decl":{"start":{"line":92,"column":18},"end":{"line":92,"column":19}},"loc":{"start":{"line":92,"column":32},"end":{"line":94,"column":1}},"line":92},"9":{"name":"(anonymous_9)","decl":{"start":{"line":98,"column":19},"end":{"line":98,"column":20}},"loc":{"start":{"line":98,"column":25},"end":{"line":100,"column":3}},"line":98}},"branchMap":{"0":{"loc":{"start":{"line":8,"column":13},"end":{"line":8,"column":37}},"type":"binary-expr","locations":[{"start":{"line":8,"column":13},"end":{"line":8,"column":29}},{"start":{"line":8,"column":33},"end":{"line":8,"column":37}}],"line":8},"1":{"loc":{"start":{"line":16,"column":0},"end":{"line":20,"column":1}},"type":"if","locations":[{"start":{"line":16,"column":0},"end":{"line":20,"column":1}},{"start":{},"end":{}}],"line":16},"2":{"loc":{"start":{"line":16,"column":4},"end":{"line":16,"column":60}},"type":"binary-expr","locations":[{"start":{"line":16,"column":4},"end":{"line":16,"column":35}},{"start":{"line":16,"column":39},"end":{"line":16,"column":60}}],"line":16},"3":{"loc":{"start":{"line":56,"column":4},"end":{"line":56,"column":72}},"type":"if","locations":[{"start":{"line":56,"column":4},"end":{"line":56,"column":72}},{"start":{},"end":{}}],"line":56},"4":{"loc":{"start":{"line":67,"column":4},"end":{"line":67,"column":74}},"type":"if","locations":[{"start":{"line":67,"column":4},"end":{"line":67,"column":74}},{"start":{},"end":{}}],"line":67},"5":{"loc":{"start":{"line":78,"column":4},"end":{"line":78,"column":75}},"type":"if","locations":[{"start":{"line":78,"column":4},"end":{"line":78,"column":75}},{"start":{},"end":{}}],"line":78},"6":{"loc":{"start":{"line":97,"column":0},"end":{"line":101,"column":1}},"type":"if","locations":[{"start":{"line":97,"column":0},"end":{"line":101,"column":1}},{"start":{},"end":{}}],"line":97}},"s":{"0":1,"1":1,"2":1,"3":1,"4":1,"5":1,"6":1,"7":1,"8":1,"9":0,"10":0,"11":0,"12":1,"13":1,"14":1,"15":1,"16":1,"17":1,"18":0,"19":1,"20":1,"21":1,"22":1,"23":0,"24":1,"25":1,"26":1,"27":1,"28":0,"29":1,"30":0,"31":1,"32":1,"33":1,"34":1,"35":0,"36":1,"37":0,"38":1,"39":1,"40":1,"41":1,"42":0,"43":1,"44":0,"45":1,"46":0,"47":0,"48":1,"49":0,"50":1,"51":0,"52":0,"53":1},"f":{"0":0,"1":0,"2":1,"3":1,"4":1,"5":1,"6":1,"7":0,"8":0,"9":0},"b":{"0":[1,1],"1":[0,1],"2":[1,0],"3":[0,1],"4":[0,1],"5":[0,1],"6":[0,1]},"_coverageSchema":"1a1c01bbd47fc00a2c39e90264f33305004495a9","hash":"86c6c1894624d0f8ad31d7ce323efc734f2d3178"}
,"C:\\Users\\KIIT\\Desktop\\my-api-server\\models\\Item.js": {"path":"C:\\Users\\KIIT\\Desktop\\my-api-server\\models\\Item.js","statementMap":{"0":{"start":{"line":1,"column":17},"end":{"line":1,"column":36}},"1":{"start":{"line":3,"column":19},"end":{"line":7,"column":2}},"2":{"start":{"line":9,"column":0},"end":{"line":9,"column":76}}},"fnMap":{},"branchMap":{"0":{"loc":{"start":{"line":9,"column":17},"end":{"line":9,"column":75}},"type":"binary-expr","locations":[{"start":{"line":9,"column":17},"end":{"line":9,"column":37}},{"start":{"line":9,"column":41},"end":{"line":9,"column":75}}],"line":9}},"s":{"0":4,"1":4,"2":4},"f":{},"b":{"0":[4,3]},"_coverageSchema":"1a1c01bbd47fc00a2c39e90264f33305004495a9","hash":"867e60dba10ee801e3fa186c8b520eb01dc76eaf"}
}
