TN:
SF:server.js
FN:18,(anonymous_0)
FN:19,(anonymous_1)
FN:32,(anonymous_2)
FN:43,(anonymous_3)
FN:53,(anonymous_4)
FN:64,(anonymous_5)
FN:75,(anonymous_6)
FN:86,(anonymous_7)
FN:92,(anonymous_8)
FN:98,(anonymous_9)
FNF:10
FNH:5
FNDA:0,(anonymous_0)
FNDA:0,(anonymous_1)
FNDA:1,(anonymous_2)
FNDA:1,(anonymous_3)
FNDA:1,(anonymous_4)
FNDA:1,(anonymous_5)
FNDA:1,(anonymous_6)
FNDA:0,(anonymous_7)
FNDA:0,(anonymous_8)
FNDA:0,(anonymous_9)
DA:1,1
DA:3,1
DA:4,1
DA:5,1
DA:7,1
DA:8,1
DA:10,1
DA:13,1
DA:16,1
DA:17,0
DA:18,0
DA:19,0
DA:23,1
DA:32,1
DA:33,1
DA:34,1
DA:35,1
DA:36,1
DA:38,0
DA:43,1
DA:44,1
DA:45,1
DA:46,1
DA:48,0
DA:53,1
DA:54,1
DA:55,1
DA:56,1
DA:57,1
DA:59,0
DA:64,1
DA:65,1
DA:66,1
DA:67,1
DA:68,1
DA:70,0
DA:75,1
DA:76,1
DA:77,1
DA:78,1
DA:79,1
DA:81,0
DA:86,1
DA:87,0
DA:88,0
DA:92,1
DA:93,0
DA:97,1
DA:98,0
DA:99,0
DA:104,1
LF:51
LH:38
BRDA:8,0,0,1
BRDA:8,0,1,1
BRDA:16,1,0,0
BRDA:16,1,1,1
BRDA:16,2,0,1
BRDA:16,2,1,0
BRDA:56,3,0,0
BRDA:56,3,1,1
BRDA:67,4,0,0
BRDA:67,4,1,1
BRDA:78,5,0,0
BRDA:78,5,1,1
BRDA:97,6,0,0
BRDA:97,6,1,1
BRF:14
BRH:8
end_of_record
TN:
SF:models\Item.js
FNF:0
FNH:0
DA:1,4
DA:3,4
DA:9,4
LF:3
LH:3
BRDA:9,0,0,4
BRDA:9,0,1,3
BRF:2
BRH:2
end_of_record
